2018-09-24 00:14:56.544 SELECT 'domain.statements.dom.impl.SimpleObject' AS "DN_TYPE","A0"."name","A0"."notes","A0"."id","A0"."version" FROM "simple"."SimpleObject" "A0"
2018-09-24 00:14:57.236 SELECT 'domain.statements.dom.impl.SimpleObject' AS "DN_TYPE","A0"."name","A0"."notes","A0"."id","A0"."version" FROM "simple"."SimpleObject" "A0"
2018-09-24 00:14:57.261 SELECT 'domain.statements.dom.impl.SimpleObject' AS "DN_TYPE","A0"."name","A0"."notes","A0"."id","A0"."version" FROM "simple"."SimpleObject" "A0"
2018-09-24 00:15:07.072 SELECT 'domain.statements.dom.impl.txn.StatementSource' AS "DN_TYPE","A0"."name","A0"."type","A0"."id","A0"."version" FROM "statements"."StatementSource" "A0"
2018-09-24 00:15:16.691 INSERT INTO "statements"."Category" ("notes","name","version") VALUES (<null>,<'Cash'>,<1>)
2018-09-24 00:15:16.702 INSERT INTO "statements"."Category" ("notes","name","version") VALUES (<null>,<'Creditcard'>,<1>)
2018-09-24 00:15:16.707 INSERT INTO "statements"."Category" ("notes","name","version") VALUES (<null>,<'Creditcard Loan'>,<1>)
2018-09-24 00:15:16.712 INSERT INTO "statements"."Category" ("notes","name","version") VALUES (<null>,<'Debit/Charges'>,<1>)
2018-09-24 00:15:16.717 INSERT INTO "statements"."Category" ("notes","name","version") VALUES (<null>,<'Education'>,<1>)
2018-09-24 00:15:16.743 INSERT INTO "statements"."Category" ("notes","name","version") VALUES (<null>,<'Entertainment'>,<1>)
2018-09-24 00:15:16.747 INSERT INTO "statements"."Category" ("notes","name","version") VALUES (<null>,<'Food'>,<1>)
2018-09-24 00:15:16.754 INSERT INTO "statements"."Category" ("notes","name","version") VALUES (<null>,<'Healthcare'>,<1>)
2018-09-24 00:15:16.759 INSERT INTO "statements"."Category" ("notes","name","version") VALUES (<null>,<'Home Loan'>,<1>)
2018-09-24 00:15:16.766 INSERT INTO "statements"."Category" ("notes","name","version") VALUES (<null>,<'Insurance'>,<1>)
2018-09-24 00:15:16.773 INSERT INTO "statements"."Category" ("notes","name","version") VALUES (<null>,<'Investment'>,<1>)
2018-09-24 00:15:16.779 INSERT INTO "statements"."Category" ("notes","name","version") VALUES (<null>,<'Loan'>,<1>)
2018-09-24 00:15:16.785 INSERT INTO "statements"."Category" ("notes","name","version") VALUES (<null>,<'Maintenance'>,<1>)
2018-09-24 00:15:16.791 INSERT INTO "statements"."Category" ("notes","name","version") VALUES (<null>,<'Medical'>,<1>)
2018-09-24 00:15:16.797 INSERT INTO "statements"."Category" ("notes","name","version") VALUES (<null>,<'Membership'>,<1>)
2018-09-24 00:15:16.803 INSERT INTO "statements"."Category" ("notes","name","version") VALUES (<null>,<'Miscellaneous'>,<1>)
2018-09-24 00:15:16.810 INSERT INTO "statements"."Category" ("notes","name","version") VALUES (<null>,<'Profession'>,<1>)
2018-09-24 00:15:16.816 INSERT INTO "statements"."Category" ("notes","name","version") VALUES (<null>,<'Shopping'>,<1>)
2018-09-24 00:15:16.822 INSERT INTO "statements"."Category" ("notes","name","version") VALUES (<null>,<'Travel'>,<1>)
2018-09-24 00:15:16.828 INSERT INTO "statements"."Category" ("notes","name","version") VALUES (<null>,<'Utilities Bill'>,<1>)
2018-09-24 00:15:16.833 INSERT INTO "statements"."Category" ("notes","name","version") VALUES (<null>,<'EMI'>,<1>)
2018-09-24 00:15:16.843 INSERT INTO "statements"."SubCategory" ("notes","name","version") VALUES (<null>,<'A/C to A/C'>,<1>)
2018-09-24 00:15:16.851 INSERT INTO "statements"."SubCategory" ("notes","name","version") VALUES (<null>,<'ATM'>,<1>)
2018-09-24 00:15:16.858 INSERT INTO "statements"."SubCategory" ("notes","name","version") VALUES (<null>,<'Bank Fee'>,<1>)
2018-09-24 00:15:16.863 INSERT INTO "statements"."SubCategory" ("notes","name","version") VALUES (<null>,<'Bill payment'>,<1>)
2018-09-24 00:15:16.868 INSERT INTO "statements"."SubCategory" ("notes","name","version") VALUES (<null>,<'Books'>,<1>)
2018-09-24 00:15:16.872 INSERT INTO "statements"."SubCategory" ("notes","name","version") VALUES (<null>,<'Cab'>,<1>)
2018-09-24 00:15:16.877 INSERT INTO "statements"."SubCategory" ("notes","name","version") VALUES (<null>,<'Car'>,<1>)
2018-09-24 00:15:16.885 INSERT INTO "statements"."SubCategory" ("notes","name","version") VALUES (<null>,<'Car Maintenance'>,<1>)
2018-09-24 00:15:16.891 INSERT INTO "statements"."SubCategory" ("notes","name","version") VALUES (<null>,<'Cashback'>,<1>)
2018-09-24 00:15:16.896 INSERT INTO "statements"."SubCategory" ("notes","name","version") VALUES (<null>,<'Charger'>,<1>)
2018-09-24 00:15:16.901 INSERT INTO "statements"."SubCategory" ("notes","name","version") VALUES (<null>,<'Chintan'>,<1>)
2018-09-24 00:15:16.906 INSERT INTO "statements"."SubCategory" ("notes","name","version") VALUES (<null>,<'Clothes'>,<1>)
2018-09-24 00:15:16.915 INSERT INTO "statements"."SubCategory" ("notes","name","version") VALUES (<null>,<'Coffee'>,<1>)
2018-09-24 00:15:16.923 INSERT INTO "statements"."SubCategory" ("notes","name","version") VALUES (<null>,<'Cookies'>,<1>)
2018-09-24 00:15:16.930 INSERT INTO "statements"."SubCategory" ("notes","name","version") VALUES (<null>,<'Cosmatics'>,<1>)
2018-09-24 00:15:16.940 INSERT INTO "statements"."SubCategory" ("notes","name","version") VALUES (<null>,<'Crypto'>,<1>)
2018-09-24 00:15:16.950 INSERT INTO "statements"."SubCategory" ("notes","name","version") VALUES (<null>,<'Dentist'>,<1>)
2018-09-24 00:15:16.957 INSERT INTO "statements"."SubCategory" ("notes","name","version") VALUES (<null>,<'Dinning'>,<1>)
2018-09-24 00:15:16.963 INSERT INTO "statements"."SubCategory" ("notes","name","version") VALUES (<null>,<'Doctor'>,<1>)
2018-09-24 00:15:16.968 INSERT INTO "statements"."SubCategory" ("notes","name","version") VALUES (<null>,<'Doctor Fees'>,<1>)
2018-09-24 00:15:16.977 INSERT INTO "statements"."SubCategory" ("notes","name","version") VALUES (<null>,<'E-book'>,<1>)
2018-09-24 00:15:16.986 INSERT INTO "statements"."SubCategory" ("notes","name","version") VALUES (<null>,<'Electricals'>,<1>)
2018-09-24 00:15:17.003 INSERT INTO "statements"."SubCategory" ("notes","name","version") VALUES (<null>,<'Electricity'>,<1>)
2018-09-24 00:15:17.010 INSERT INTO "statements"."SubCategory" ("notes","name","version") VALUES (<null>,<'Electronics'>,<1>)
2018-09-24 00:15:17.018 INSERT INTO "statements"."SubCategory" ("notes","name","version") VALUES (<null>,<'EMI'>,<1>)
2018-09-24 00:15:17.024 INSERT INTO "statements"."SubCategory" ("notes","name","version") VALUES (<null>,<'Footwear'>,<1>)
2018-09-24 00:15:17.032 INSERT INTO "statements"."SubCategory" ("notes","name","version") VALUES (<null>,<'For dad'>,<1>)
2018-09-24 00:15:17.038 INSERT INTO "statements"."SubCategory" ("notes","name","version") VALUES (<null>,<'For Tanushree'>,<1>)
2018-09-24 00:15:17.048 INSERT INTO "statements"."SubCategory" ("notes","name","version") VALUES (<null>,<'Fruits'>,<1>)
2018-09-24 00:15:17.054 INSERT INTO "statements"."SubCategory" ("notes","name","version") VALUES (<null>,<'Fuel'>,<1>)
2018-09-24 00:15:17.059 INSERT INTO "statements"."SubCategory" ("notes","name","version") VALUES (<null>,<'Groceries'>,<1>)
2018-09-24 00:15:17.068 INSERT INTO "statements"."SubCategory" ("notes","name","version") VALUES (<null>,<'Haircut'>,<1>)
2018-09-24 00:15:17.075 INSERT INTO "statements"."SubCategory" ("notes","name","version") VALUES (<null>,<'Hiteshbhai'>,<1>)
2018-09-24 00:15:17.080 INSERT INTO "statements"."SubCategory" ("notes","name","version") VALUES (<null>,<'Home'>,<1>)
2018-09-24 00:15:17.090 INSERT INTO "statements"."SubCategory" ("notes","name","version") VALUES (<null>,<'Home Loan'>,<1>)
2018-09-24 00:15:17.097 INSERT INTO "statements"."SubCategory" ("notes","name","version") VALUES (<null>,<'Household'>,<1>)
2018-09-24 00:15:17.106 INSERT INTO "statements"."SubCategory" ("notes","name","version") VALUES (<null>,<'Income Tax'>,<1>)
2018-09-24 00:15:17.110 INSERT INTO "statements"."SubCategory" ("notes","name","version") VALUES (<null>,<'Internet'>,<1>)
2018-09-24 00:15:17.116 INSERT INTO "statements"."SubCategory" ("notes","name","version") VALUES (<null>,<'Juice'>,<1>)
2018-09-24 00:15:17.125 INSERT INTO "statements"."SubCategory" ("notes","name","version") VALUES (<null>,<'Keshavdham'>,<1>)
2018-09-24 00:15:17.132 INSERT INTO "statements"."SubCategory" ("notes","name","version") VALUES (<null>,<'Loan Repaid'>,<1>)
2018-09-24 00:15:17.143 INSERT INTO "statements"."SubCategory" ("notes","name","version") VALUES (<null>,<'Maternity'>,<1>)
2018-09-24 00:15:17.150 INSERT INTO "statements"."SubCategory" ("notes","name","version") VALUES (<null>,<'Medicine'>,<1>)
2018-09-24 00:15:17.155 INSERT INTO "statements"."SubCategory" ("notes","name","version") VALUES (<null>,<'Mediclaim'>,<1>)
2018-09-24 00:15:17.163 INSERT INTO "statements"."SubCategory" ("notes","name","version") VALUES (<null>,<'Mobile'>,<1>)
2018-09-24 00:15:17.167 INSERT INTO "statements"."SubCategory" ("notes","name","version") VALUES (<null>,<'Movie'>,<1>)
2018-09-24 00:15:17.172 INSERT INTO "statements"."SubCategory" ("notes","name","version") VALUES (<null>,<'Online'>,<1>)
2018-09-24 00:15:17.178 INSERT INTO "statements"."SubCategory" ("notes","name","version") VALUES (<null>,<'Other'>,<1>)
2018-09-24 00:15:17.182 INSERT INTO "statements"."SubCategory" ("notes","name","version") VALUES (<null>,<'PayTM'>,<1>)
2018-09-24 00:15:17.188 INSERT INTO "statements"."SubCategory" ("notes","name","version") VALUES (<null>,<'Premium'>,<1>)
2018-09-24 00:15:17.196 INSERT INTO "statements"."SubCategory" ("notes","name","version") VALUES (<null>,<'Pre-payment'>,<1>)
2018-09-24 00:15:17.202 INSERT INTO "statements"."SubCategory" ("notes","name","version") VALUES (<null>,<'Processing Fees'>,<1>)
2018-09-24 00:15:17.212 INSERT INTO "statements"."SubCategory" ("notes","name","version") VALUES (<null>,<'Satish'>,<1>)
2018-09-24 00:15:17.220 INSERT INTO "statements"."SubCategory" ("notes","name","version") VALUES (<null>,<'School Fees'>,<1>)
2018-09-24 00:15:17.226 INSERT INTO "statements"."SubCategory" ("notes","name","version") VALUES (<null>,<'Snacks'>,<1>)
2018-09-24 00:15:17.233 INSERT INTO "statements"."SubCategory" ("notes","name","version") VALUES (<null>,<'Sterling'>,<1>)
2018-09-24 00:15:17.237 INSERT INTO "statements"."SubCategory" ("notes","name","version") VALUES (<null>,<'Sunglasses'>,<1>)
2018-09-24 00:15:17.242 INSERT INTO "statements"."SubCategory" ("notes","name","version") VALUES (<null>,<'Sweets'>,<1>)
2018-09-24 00:15:17.248 INSERT INTO "statements"."SubCategory" ("notes","name","version") VALUES (<null>,<'Television'>,<1>)
2018-09-24 00:15:17.253 INSERT INTO "statements"."SubCategory" ("notes","name","version") VALUES (<null>,<'Test'>,<1>)
2018-09-24 00:15:17.259 INSERT INTO "statements"."SubCategory" ("notes","name","version") VALUES (<null>,<'Toys'>,<1>)
2018-09-24 00:15:17.267 INSERT INTO "statements"."SubCategory" ("notes","name","version") VALUES (<null>,<'Vaccination'>,<1>)
2018-09-24 00:15:17.274 INSERT INTO "statements"."SubCategory" ("notes","name","version") VALUES (<null>,<'Web Hosting'>,<1>)
2018-09-24 00:15:17.279 INSERT INTO "statements"."SubCategory" ("notes","name","version") VALUES (<null>,<'Wine'>,<1>)
2018-09-24 00:15:17.305 INSERT INTO "statements"."StatementSource" ("type","name","version") VALUES (<0>,<'HDFC_1668'>,<1>)
2018-09-24 00:15:17.312 INSERT INTO "statements"."StatementSource" ("type","name","version") VALUES (<0>,<'HDFC_3789'>,<1>)
2018-09-24 00:15:17.318 INSERT INTO "statements"."StatementSource" ("type","name","version") VALUES (<0>,<'HDFC_9371'>,<1>)
2018-09-24 00:15:17.325 INSERT INTO "statements"."StatementSource" ("type","name","version") VALUES (<1>,<'Card No: 4854 99XX XXXX 6394'>,<1>)
2018-09-24 00:15:17.333 INSERT INTO "statements"."StatementSource" ("type","name","version") VALUES (<1>,<'Card No: 4854 99XX XXXX 0335'>,<1>)
2018-09-24 00:15:17.338 INSERT INTO "statements"."StatementSource" ("type","name","version") VALUES (<1>,<'Card No: 4639 17XX XXXX 8535'>,<1>)
2018-09-24 00:15:17.513 SELECT "A0"."name","A0"."notes","A0"."version" FROM "statements"."Category" "A0" WHERE "A0"."id" = <0>
2018-09-24 00:15:17.517 SELECT "A0"."name","A0"."notes","A0"."version" FROM "statements"."Category" "A0" WHERE "A0"."id" = <0>
2018-09-24 00:15:17.520 SELECT "A0"."name","A0"."notes","A0"."version" FROM "statements"."Category" "A0" WHERE "A0"."id" = <1>
2018-09-24 00:15:17.521 SELECT "A0"."name","A0"."notes","A0"."version" FROM "statements"."Category" "A0" WHERE "A0"."id" = <1>
2018-09-24 00:15:17.523 SELECT "A0"."name","A0"."notes","A0"."version" FROM "statements"."Category" "A0" WHERE "A0"."id" = <2>
2018-09-24 00:15:17.524 SELECT "A0"."name","A0"."notes","A0"."version" FROM "statements"."Category" "A0" WHERE "A0"."id" = <2>
2018-09-24 00:15:17.526 SELECT "A0"."name","A0"."notes","A0"."version" FROM "statements"."Category" "A0" WHERE "A0"."id" = <3>
2018-09-24 00:15:17.527 SELECT "A0"."name","A0"."notes","A0"."version" FROM "statements"."Category" "A0" WHERE "A0"."id" = <3>
2018-09-24 00:15:17.529 SELECT "A0"."name","A0"."notes","A0"."version" FROM "statements"."Category" "A0" WHERE "A0"."id" = <4>
2018-09-24 00:15:17.529 SELECT "A0"."name","A0"."notes","A0"."version" FROM "statements"."Category" "A0" WHERE "A0"."id" = <4>
2018-09-24 00:15:17.531 SELECT "A0"."name","A0"."notes","A0"."version" FROM "statements"."Category" "A0" WHERE "A0"."id" = <5>
2018-09-24 00:15:17.532 SELECT "A0"."name","A0"."notes","A0"."version" FROM "statements"."Category" "A0" WHERE "A0"."id" = <5>
2018-09-24 00:15:17.534 SELECT "A0"."name","A0"."notes","A0"."version" FROM "statements"."Category" "A0" WHERE "A0"."id" = <6>
2018-09-24 00:15:17.535 SELECT "A0"."name","A0"."notes","A0"."version" FROM "statements"."Category" "A0" WHERE "A0"."id" = <6>
2018-09-24 00:15:17.538 SELECT "A0"."name","A0"."notes","A0"."version" FROM "statements"."Category" "A0" WHERE "A0"."id" = <7>
2018-09-24 00:15:17.539 SELECT "A0"."name","A0"."notes","A0"."version" FROM "statements"."Category" "A0" WHERE "A0"."id" = <7>
2018-09-24 00:15:17.541 SELECT "A0"."name","A0"."notes","A0"."version" FROM "statements"."Category" "A0" WHERE "A0"."id" = <8>
2018-09-24 00:15:17.542 SELECT "A0"."name","A0"."notes","A0"."version" FROM "statements"."Category" "A0" WHERE "A0"."id" = <8>
2018-09-24 00:15:17.544 SELECT "A0"."name","A0"."notes","A0"."version" FROM "statements"."Category" "A0" WHERE "A0"."id" = <9>
2018-09-24 00:15:17.545 SELECT "A0"."name","A0"."notes","A0"."version" FROM "statements"."Category" "A0" WHERE "A0"."id" = <9>
2018-09-24 00:15:17.548 SELECT "A0"."name","A0"."notes","A0"."version" FROM "statements"."Category" "A0" WHERE "A0"."id" = <10>
2018-09-24 00:15:17.548 SELECT "A0"."name","A0"."notes","A0"."version" FROM "statements"."Category" "A0" WHERE "A0"."id" = <10>
2018-09-24 00:15:17.551 SELECT "A0"."name","A0"."notes","A0"."version" FROM "statements"."Category" "A0" WHERE "A0"."id" = <11>
2018-09-24 00:15:17.552 SELECT "A0"."name","A0"."notes","A0"."version" FROM "statements"."Category" "A0" WHERE "A0"."id" = <11>
2018-09-24 00:15:17.553 SELECT "A0"."name","A0"."notes","A0"."version" FROM "statements"."Category" "A0" WHERE "A0"."id" = <12>
2018-09-24 00:15:17.554 SELECT "A0"."name","A0"."notes","A0"."version" FROM "statements"."Category" "A0" WHERE "A0"."id" = <12>
2018-09-24 00:15:17.556 SELECT "A0"."name","A0"."notes","A0"."version" FROM "statements"."Category" "A0" WHERE "A0"."id" = <13>
2018-09-24 00:15:17.556 SELECT "A0"."name","A0"."notes","A0"."version" FROM "statements"."Category" "A0" WHERE "A0"."id" = <13>
2018-09-24 00:15:17.558 SELECT "A0"."name","A0"."notes","A0"."version" FROM "statements"."Category" "A0" WHERE "A0"."id" = <14>
2018-09-24 00:15:17.559 SELECT "A0"."name","A0"."notes","A0"."version" FROM "statements"."Category" "A0" WHERE "A0"."id" = <14>
2018-09-24 00:15:17.562 SELECT "A0"."name","A0"."notes","A0"."version" FROM "statements"."Category" "A0" WHERE "A0"."id" = <15>
2018-09-24 00:15:17.563 SELECT "A0"."name","A0"."notes","A0"."version" FROM "statements"."Category" "A0" WHERE "A0"."id" = <15>
2018-09-24 00:15:17.567 SELECT "A0"."name","A0"."notes","A0"."version" FROM "statements"."Category" "A0" WHERE "A0"."id" = <16>
2018-09-24 00:15:17.568 SELECT "A0"."name","A0"."notes","A0"."version" FROM "statements"."Category" "A0" WHERE "A0"."id" = <16>
2018-09-24 00:15:17.571 SELECT "A0"."name","A0"."notes","A0"."version" FROM "statements"."Category" "A0" WHERE "A0"."id" = <17>
2018-09-24 00:15:17.571 SELECT "A0"."name","A0"."notes","A0"."version" FROM "statements"."Category" "A0" WHERE "A0"."id" = <17>
2018-09-24 00:15:17.574 SELECT "A0"."name","A0"."notes","A0"."version" FROM "statements"."Category" "A0" WHERE "A0"."id" = <18>
2018-09-24 00:15:17.575 SELECT "A0"."name","A0"."notes","A0"."version" FROM "statements"."Category" "A0" WHERE "A0"."id" = <18>
2018-09-24 00:15:17.577 SELECT "A0"."name","A0"."notes","A0"."version" FROM "statements"."Category" "A0" WHERE "A0"."id" = <19>
2018-09-24 00:15:17.578 SELECT "A0"."name","A0"."notes","A0"."version" FROM "statements"."Category" "A0" WHERE "A0"."id" = <19>
2018-09-24 00:15:17.580 SELECT "A0"."name","A0"."notes","A0"."version" FROM "statements"."Category" "A0" WHERE "A0"."id" = <20>
2018-09-24 00:15:17.580 SELECT "A0"."name","A0"."notes","A0"."version" FROM "statements"."Category" "A0" WHERE "A0"."id" = <20>
2018-09-24 00:15:17.582 SELECT "A0"."name","A0"."notes","A0"."version" FROM "statements"."SubCategory" "A0" WHERE "A0"."id" = <0>
2018-09-24 00:15:17.583 SELECT "A0"."name","A0"."notes","A0"."version" FROM "statements"."SubCategory" "A0" WHERE "A0"."id" = <0>
2018-09-24 00:15:17.585 SELECT "A0"."name","A0"."notes","A0"."version" FROM "statements"."SubCategory" "A0" WHERE "A0"."id" = <1>
2018-09-24 00:15:17.585 SELECT "A0"."name","A0"."notes","A0"."version" FROM "statements"."SubCategory" "A0" WHERE "A0"."id" = <1>
2018-09-24 00:15:17.587 SELECT "A0"."name","A0"."notes","A0"."version" FROM "statements"."SubCategory" "A0" WHERE "A0"."id" = <2>
2018-09-24 00:15:17.588 SELECT "A0"."name","A0"."notes","A0"."version" FROM "statements"."SubCategory" "A0" WHERE "A0"."id" = <2>
2018-09-24 00:15:17.589 SELECT "A0"."name","A0"."notes","A0"."version" FROM "statements"."SubCategory" "A0" WHERE "A0"."id" = <3>
2018-09-24 00:15:17.590 SELECT "A0"."name","A0"."notes","A0"."version" FROM "statements"."SubCategory" "A0" WHERE "A0"."id" = <3>
2018-09-24 00:15:17.592 SELECT "A0"."name","A0"."notes","A0"."version" FROM "statements"."SubCategory" "A0" WHERE "A0"."id" = <4>
2018-09-24 00:15:17.592 SELECT "A0"."name","A0"."notes","A0"."version" FROM "statements"."SubCategory" "A0" WHERE "A0"."id" = <4>
2018-09-24 00:15:17.594 SELECT "A0"."name","A0"."notes","A0"."version" FROM "statements"."SubCategory" "A0" WHERE "A0"."id" = <5>
2018-09-24 00:15:17.594 SELECT "A0"."name","A0"."notes","A0"."version" FROM "statements"."SubCategory" "A0" WHERE "A0"."id" = <5>
2018-09-24 00:15:17.596 SELECT "A0"."name","A0"."notes","A0"."version" FROM "statements"."SubCategory" "A0" WHERE "A0"."id" = <6>
2018-09-24 00:15:17.598 SELECT "A0"."name","A0"."notes","A0"."version" FROM "statements"."SubCategory" "A0" WHERE "A0"."id" = <6>
2018-09-24 00:15:17.599 SELECT "A0"."name","A0"."notes","A0"."version" FROM "statements"."SubCategory" "A0" WHERE "A0"."id" = <7>
2018-09-24 00:15:17.600 SELECT "A0"."name","A0"."notes","A0"."version" FROM "statements"."SubCategory" "A0" WHERE "A0"."id" = <7>
2018-09-24 00:15:17.602 SELECT "A0"."name","A0"."notes","A0"."version" FROM "statements"."SubCategory" "A0" WHERE "A0"."id" = <8>
2018-09-24 00:15:17.603 SELECT "A0"."name","A0"."notes","A0"."version" FROM "statements"."SubCategory" "A0" WHERE "A0"."id" = <8>
2018-09-24 00:15:17.605 SELECT "A0"."name","A0"."notes","A0"."version" FROM "statements"."SubCategory" "A0" WHERE "A0"."id" = <9>
2018-09-24 00:15:17.605 SELECT "A0"."name","A0"."notes","A0"."version" FROM "statements"."SubCategory" "A0" WHERE "A0"."id" = <9>
2018-09-24 00:15:17.607 SELECT "A0"."name","A0"."notes","A0"."version" FROM "statements"."SubCategory" "A0" WHERE "A0"."id" = <10>
2018-09-24 00:15:17.607 SELECT "A0"."name","A0"."notes","A0"."version" FROM "statements"."SubCategory" "A0" WHERE "A0"."id" = <10>
2018-09-24 00:15:17.609 SELECT "A0"."name","A0"."notes","A0"."version" FROM "statements"."SubCategory" "A0" WHERE "A0"."id" = <11>
2018-09-24 00:15:17.609 SELECT "A0"."name","A0"."notes","A0"."version" FROM "statements"."SubCategory" "A0" WHERE "A0"."id" = <11>
2018-09-24 00:15:17.610 SELECT "A0"."name","A0"."notes","A0"."version" FROM "statements"."SubCategory" "A0" WHERE "A0"."id" = <12>
2018-09-24 00:15:17.611 SELECT "A0"."name","A0"."notes","A0"."version" FROM "statements"."SubCategory" "A0" WHERE "A0"."id" = <12>
2018-09-24 00:15:17.612 SELECT "A0"."name","A0"."notes","A0"."version" FROM "statements"."SubCategory" "A0" WHERE "A0"."id" = <13>
2018-09-24 00:15:17.613 SELECT "A0"."name","A0"."notes","A0"."version" FROM "statements"."SubCategory" "A0" WHERE "A0"."id" = <13>
2018-09-24 00:15:17.615 SELECT "A0"."name","A0"."notes","A0"."version" FROM "statements"."SubCategory" "A0" WHERE "A0"."id" = <14>
2018-09-24 00:15:17.615 SELECT "A0"."name","A0"."notes","A0"."version" FROM "statements"."SubCategory" "A0" WHERE "A0"."id" = <14>
2018-09-24 00:15:17.617 SELECT "A0"."name","A0"."notes","A0"."version" FROM "statements"."SubCategory" "A0" WHERE "A0"."id" = <15>
2018-09-24 00:15:17.618 SELECT "A0"."name","A0"."notes","A0"."version" FROM "statements"."SubCategory" "A0" WHERE "A0"."id" = <15>
2018-09-24 00:15:17.620 SELECT "A0"."name","A0"."notes","A0"."version" FROM "statements"."SubCategory" "A0" WHERE "A0"."id" = <16>
2018-09-24 00:15:17.621 SELECT "A0"."name","A0"."notes","A0"."version" FROM "statements"."SubCategory" "A0" WHERE "A0"."id" = <16>
2018-09-24 00:15:17.622 SELECT "A0"."name","A0"."notes","A0"."version" FROM "statements"."SubCategory" "A0" WHERE "A0"."id" = <17>
2018-09-24 00:15:17.623 SELECT "A0"."name","A0"."notes","A0"."version" FROM "statements"."SubCategory" "A0" WHERE "A0"."id" = <17>
2018-09-24 00:15:17.625 SELECT "A0"."name","A0"."notes","A0"."version" FROM "statements"."SubCategory" "A0" WHERE "A0"."id" = <18>
2018-09-24 00:15:17.625 SELECT "A0"."name","A0"."notes","A0"."version" FROM "statements"."SubCategory" "A0" WHERE "A0"."id" = <18>
2018-09-24 00:15:17.626 SELECT "A0"."name","A0"."notes","A0"."version" FROM "statements"."SubCategory" "A0" WHERE "A0"."id" = <19>
2018-09-24 00:15:17.627 SELECT "A0"."name","A0"."notes","A0"."version" FROM "statements"."SubCategory" "A0" WHERE "A0"."id" = <19>
2018-09-24 00:15:17.629 SELECT "A0"."name","A0"."notes","A0"."version" FROM "statements"."SubCategory" "A0" WHERE "A0"."id" = <20>
2018-09-24 00:15:17.629 SELECT "A0"."name","A0"."notes","A0"."version" FROM "statements"."SubCategory" "A0" WHERE "A0"."id" = <20>
2018-09-24 00:15:17.631 SELECT "A0"."name","A0"."notes","A0"."version" FROM "statements"."SubCategory" "A0" WHERE "A0"."id" = <21>
2018-09-24 00:15:17.632 SELECT "A0"."name","A0"."notes","A0"."version" FROM "statements"."SubCategory" "A0" WHERE "A0"."id" = <21>
2018-09-24 00:15:17.634 SELECT "A0"."name","A0"."notes","A0"."version" FROM "statements"."SubCategory" "A0" WHERE "A0"."id" = <22>
2018-09-24 00:15:17.634 SELECT "A0"."name","A0"."notes","A0"."version" FROM "statements"."SubCategory" "A0" WHERE "A0"."id" = <22>
2018-09-24 00:15:17.636 SELECT "A0"."name","A0"."notes","A0"."version" FROM "statements"."SubCategory" "A0" WHERE "A0"."id" = <23>
2018-09-24 00:15:17.637 SELECT "A0"."name","A0"."notes","A0"."version" FROM "statements"."SubCategory" "A0" WHERE "A0"."id" = <23>
2018-09-24 00:15:17.639 SELECT "A0"."name","A0"."notes","A0"."version" FROM "statements"."SubCategory" "A0" WHERE "A0"."id" = <24>
2018-09-24 00:15:17.639 SELECT "A0"."name","A0"."notes","A0"."version" FROM "statements"."SubCategory" "A0" WHERE "A0"."id" = <24>
2018-09-24 00:15:17.641 SELECT "A0"."name","A0"."notes","A0"."version" FROM "statements"."SubCategory" "A0" WHERE "A0"."id" = <25>
2018-09-24 00:15:17.641 SELECT "A0"."name","A0"."notes","A0"."version" FROM "statements"."SubCategory" "A0" WHERE "A0"."id" = <25>
2018-09-24 00:15:17.643 SELECT "A0"."name","A0"."notes","A0"."version" FROM "statements"."SubCategory" "A0" WHERE "A0"."id" = <26>
2018-09-24 00:15:17.644 SELECT "A0"."name","A0"."notes","A0"."version" FROM "statements"."SubCategory" "A0" WHERE "A0"."id" = <26>
2018-09-24 00:15:17.646 SELECT "A0"."name","A0"."notes","A0"."version" FROM "statements"."SubCategory" "A0" WHERE "A0"."id" = <27>
2018-09-24 00:15:17.646 SELECT "A0"."name","A0"."notes","A0"."version" FROM "statements"."SubCategory" "A0" WHERE "A0"."id" = <27>
2018-09-24 00:15:17.648 SELECT "A0"."name","A0"."notes","A0"."version" FROM "statements"."SubCategory" "A0" WHERE "A0"."id" = <28>
2018-09-24 00:15:17.648 SELECT "A0"."name","A0"."notes","A0"."version" FROM "statements"."SubCategory" "A0" WHERE "A0"."id" = <28>
2018-09-24 00:15:17.650 SELECT "A0"."name","A0"."notes","A0"."version" FROM "statements"."SubCategory" "A0" WHERE "A0"."id" = <29>
2018-09-24 00:15:17.650 SELECT "A0"."name","A0"."notes","A0"."version" FROM "statements"."SubCategory" "A0" WHERE "A0"."id" = <29>
2018-09-24 00:15:17.652 SELECT "A0"."name","A0"."notes","A0"."version" FROM "statements"."SubCategory" "A0" WHERE "A0"."id" = <30>
2018-09-24 00:15:17.652 SELECT "A0"."name","A0"."notes","A0"."version" FROM "statements"."SubCategory" "A0" WHERE "A0"."id" = <30>
2018-09-24 00:15:17.654 SELECT "A0"."name","A0"."notes","A0"."version" FROM "statements"."SubCategory" "A0" WHERE "A0"."id" = <31>
2018-09-24 00:15:17.655 SELECT "A0"."name","A0"."notes","A0"."version" FROM "statements"."SubCategory" "A0" WHERE "A0"."id" = <31>
2018-09-24 00:15:17.656 SELECT "A0"."name","A0"."notes","A0"."version" FROM "statements"."SubCategory" "A0" WHERE "A0"."id" = <32>
2018-09-24 00:15:17.657 SELECT "A0"."name","A0"."notes","A0"."version" FROM "statements"."SubCategory" "A0" WHERE "A0"."id" = <32>
2018-09-24 00:15:17.658 SELECT "A0"."name","A0"."notes","A0"."version" FROM "statements"."SubCategory" "A0" WHERE "A0"."id" = <33>
2018-09-24 00:15:17.659 SELECT "A0"."name","A0"."notes","A0"."version" FROM "statements"."SubCategory" "A0" WHERE "A0"."id" = <33>
2018-09-24 00:15:17.661 SELECT "A0"."name","A0"."notes","A0"."version" FROM "statements"."SubCategory" "A0" WHERE "A0"."id" = <34>
2018-09-24 00:15:17.661 SELECT "A0"."name","A0"."notes","A0"."version" FROM "statements"."SubCategory" "A0" WHERE "A0"."id" = <34>
2018-09-24 00:15:17.663 SELECT "A0"."name","A0"."notes","A0"."version" FROM "statements"."SubCategory" "A0" WHERE "A0"."id" = <35>
2018-09-24 00:15:17.664 SELECT "A0"."name","A0"."notes","A0"."version" FROM "statements"."SubCategory" "A0" WHERE "A0"."id" = <35>
2018-09-24 00:15:17.665 SELECT "A0"."name","A0"."notes","A0"."version" FROM "statements"."SubCategory" "A0" WHERE "A0"."id" = <36>
2018-09-24 00:15:17.666 SELECT "A0"."name","A0"."notes","A0"."version" FROM "statements"."SubCategory" "A0" WHERE "A0"."id" = <36>
2018-09-24 00:15:17.668 SELECT "A0"."name","A0"."notes","A0"."version" FROM "statements"."SubCategory" "A0" WHERE "A0"."id" = <37>
2018-09-24 00:15:17.668 SELECT "A0"."name","A0"."notes","A0"."version" FROM "statements"."SubCategory" "A0" WHERE "A0"."id" = <37>
2018-09-24 00:15:17.670 SELECT "A0"."name","A0"."notes","A0"."version" FROM "statements"."SubCategory" "A0" WHERE "A0"."id" = <38>
2018-09-24 00:15:17.670 SELECT "A0"."name","A0"."notes","A0"."version" FROM "statements"."SubCategory" "A0" WHERE "A0"."id" = <38>
2018-09-24 00:15:17.672 SELECT "A0"."name","A0"."notes","A0"."version" FROM "statements"."SubCategory" "A0" WHERE "A0"."id" = <39>
2018-09-24 00:15:17.672 SELECT "A0"."name","A0"."notes","A0"."version" FROM "statements"."SubCategory" "A0" WHERE "A0"."id" = <39>
2018-09-24 00:15:17.674 SELECT "A0"."name","A0"."notes","A0"."version" FROM "statements"."SubCategory" "A0" WHERE "A0"."id" = <40>
2018-09-24 00:15:17.674 SELECT "A0"."name","A0"."notes","A0"."version" FROM "statements"."SubCategory" "A0" WHERE "A0"."id" = <40>
2018-09-24 00:15:17.676 SELECT "A0"."name","A0"."notes","A0"."version" FROM "statements"."SubCategory" "A0" WHERE "A0"."id" = <41>
2018-09-24 00:15:17.677 SELECT "A0"."name","A0"."notes","A0"."version" FROM "statements"."SubCategory" "A0" WHERE "A0"."id" = <41>
2018-09-24 00:15:17.678 SELECT "A0"."name","A0"."notes","A0"."version" FROM "statements"."SubCategory" "A0" WHERE "A0"."id" = <42>
2018-09-24 00:15:17.679 SELECT "A0"."name","A0"."notes","A0"."version" FROM "statements"."SubCategory" "A0" WHERE "A0"."id" = <42>
2018-09-24 00:15:17.680 SELECT "A0"."name","A0"."notes","A0"."version" FROM "statements"."SubCategory" "A0" WHERE "A0"."id" = <43>
2018-09-24 00:15:17.681 SELECT "A0"."name","A0"."notes","A0"."version" FROM "statements"."SubCategory" "A0" WHERE "A0"."id" = <43>
2018-09-24 00:15:17.683 SELECT "A0"."name","A0"."notes","A0"."version" FROM "statements"."SubCategory" "A0" WHERE "A0"."id" = <44>
2018-09-24 00:15:17.683 SELECT "A0"."name","A0"."notes","A0"."version" FROM "statements"."SubCategory" "A0" WHERE "A0"."id" = <44>
2018-09-24 00:15:17.684 SELECT "A0"."name","A0"."notes","A0"."version" FROM "statements"."SubCategory" "A0" WHERE "A0"."id" = <45>
2018-09-24 00:15:17.685 SELECT "A0"."name","A0"."notes","A0"."version" FROM "statements"."SubCategory" "A0" WHERE "A0"."id" = <45>
2018-09-24 00:15:17.687 SELECT "A0"."name","A0"."notes","A0"."version" FROM "statements"."SubCategory" "A0" WHERE "A0"."id" = <46>
2018-09-24 00:15:17.688 SELECT "A0"."name","A0"."notes","A0"."version" FROM "statements"."SubCategory" "A0" WHERE "A0"."id" = <46>
2018-09-24 00:15:17.690 SELECT "A0"."name","A0"."notes","A0"."version" FROM "statements"."SubCategory" "A0" WHERE "A0"."id" = <47>
2018-09-24 00:15:17.691 SELECT "A0"."name","A0"."notes","A0"."version" FROM "statements"."SubCategory" "A0" WHERE "A0"."id" = <47>
2018-09-24 00:15:17.693 SELECT "A0"."name","A0"."notes","A0"."version" FROM "statements"."SubCategory" "A0" WHERE "A0"."id" = <48>
2018-09-24 00:15:17.694 SELECT "A0"."name","A0"."notes","A0"."version" FROM "statements"."SubCategory" "A0" WHERE "A0"."id" = <48>
2018-09-24 00:15:17.696 SELECT "A0"."name","A0"."notes","A0"."version" FROM "statements"."SubCategory" "A0" WHERE "A0"."id" = <49>
2018-09-24 00:15:17.696 SELECT "A0"."name","A0"."notes","A0"."version" FROM "statements"."SubCategory" "A0" WHERE "A0"."id" = <49>
2018-09-24 00:15:17.698 SELECT "A0"."name","A0"."notes","A0"."version" FROM "statements"."SubCategory" "A0" WHERE "A0"."id" = <50>
2018-09-24 00:15:17.699 SELECT "A0"."name","A0"."notes","A0"."version" FROM "statements"."SubCategory" "A0" WHERE "A0"."id" = <50>
2018-09-24 00:15:17.701 SELECT "A0"."name","A0"."notes","A0"."version" FROM "statements"."SubCategory" "A0" WHERE "A0"."id" = <51>
2018-09-24 00:15:17.702 SELECT "A0"."name","A0"."notes","A0"."version" FROM "statements"."SubCategory" "A0" WHERE "A0"."id" = <51>
2018-09-24 00:15:17.704 SELECT "A0"."name","A0"."notes","A0"."version" FROM "statements"."SubCategory" "A0" WHERE "A0"."id" = <52>
2018-09-24 00:15:17.704 SELECT "A0"."name","A0"."notes","A0"."version" FROM "statements"."SubCategory" "A0" WHERE "A0"."id" = <52>
2018-09-24 00:15:17.706 SELECT "A0"."name","A0"."notes","A0"."version" FROM "statements"."SubCategory" "A0" WHERE "A0"."id" = <53>
2018-09-24 00:15:17.706 SELECT "A0"."name","A0"."notes","A0"."version" FROM "statements"."SubCategory" "A0" WHERE "A0"."id" = <53>
2018-09-24 00:15:17.708 SELECT "A0"."name","A0"."notes","A0"."version" FROM "statements"."SubCategory" "A0" WHERE "A0"."id" = <54>
2018-09-24 00:15:17.709 SELECT "A0"."name","A0"."notes","A0"."version" FROM "statements"."SubCategory" "A0" WHERE "A0"."id" = <54>
2018-09-24 00:15:17.710 SELECT "A0"."name","A0"."notes","A0"."version" FROM "statements"."SubCategory" "A0" WHERE "A0"."id" = <55>
2018-09-24 00:15:17.710 SELECT "A0"."name","A0"."notes","A0"."version" FROM "statements"."SubCategory" "A0" WHERE "A0"."id" = <55>
2018-09-24 00:15:17.712 SELECT "A0"."name","A0"."notes","A0"."version" FROM "statements"."SubCategory" "A0" WHERE "A0"."id" = <56>
2018-09-24 00:15:17.712 SELECT "A0"."name","A0"."notes","A0"."version" FROM "statements"."SubCategory" "A0" WHERE "A0"."id" = <56>
2018-09-24 00:15:17.714 SELECT "A0"."name","A0"."notes","A0"."version" FROM "statements"."SubCategory" "A0" WHERE "A0"."id" = <57>
2018-09-24 00:15:17.715 SELECT "A0"."name","A0"."notes","A0"."version" FROM "statements"."SubCategory" "A0" WHERE "A0"."id" = <57>
2018-09-24 00:15:17.717 SELECT "A0"."name","A0"."notes","A0"."version" FROM "statements"."SubCategory" "A0" WHERE "A0"."id" = <58>
2018-09-24 00:15:17.718 SELECT "A0"."name","A0"."notes","A0"."version" FROM "statements"."SubCategory" "A0" WHERE "A0"."id" = <58>
2018-09-24 00:15:17.719 SELECT "A0"."name","A0"."notes","A0"."version" FROM "statements"."SubCategory" "A0" WHERE "A0"."id" = <59>
2018-09-24 00:15:17.720 SELECT "A0"."name","A0"."notes","A0"."version" FROM "statements"."SubCategory" "A0" WHERE "A0"."id" = <59>
2018-09-24 00:15:17.722 SELECT "A0"."name","A0"."notes","A0"."version" FROM "statements"."SubCategory" "A0" WHERE "A0"."id" = <60>
2018-09-24 00:15:17.723 SELECT "A0"."name","A0"."notes","A0"."version" FROM "statements"."SubCategory" "A0" WHERE "A0"."id" = <60>
2018-09-24 00:15:17.724 SELECT "A0"."name","A0"."notes","A0"."version" FROM "statements"."SubCategory" "A0" WHERE "A0"."id" = <61>
2018-09-24 00:15:17.725 SELECT "A0"."name","A0"."notes","A0"."version" FROM "statements"."SubCategory" "A0" WHERE "A0"."id" = <61>
2018-09-24 00:15:17.726 SELECT "A0"."name","A0"."notes","A0"."version" FROM "statements"."SubCategory" "A0" WHERE "A0"."id" = <62>
2018-09-24 00:15:17.727 SELECT "A0"."name","A0"."notes","A0"."version" FROM "statements"."SubCategory" "A0" WHERE "A0"."id" = <62>
2018-09-24 00:15:17.729 SELECT "A0"."name","A0"."notes","A0"."version" FROM "statements"."SubCategory" "A0" WHERE "A0"."id" = <63>
2018-09-24 00:15:17.729 SELECT "A0"."name","A0"."notes","A0"."version" FROM "statements"."SubCategory" "A0" WHERE "A0"."id" = <63>
2018-09-24 00:15:17.731 SELECT "A0"."name","A0"."type","A0"."version" FROM "statements"."StatementSource" "A0" WHERE "A0"."id" = <0>
2018-09-24 00:15:17.732 SELECT "A0"."name","A0"."type","A0"."version" FROM "statements"."StatementSource" "A0" WHERE "A0"."id" = <0>
2018-09-24 00:15:17.734 SELECT "A0"."name","A0"."type","A0"."version" FROM "statements"."StatementSource" "A0" WHERE "A0"."id" = <1>
2018-09-24 00:15:17.734 SELECT "A0"."name","A0"."type","A0"."version" FROM "statements"."StatementSource" "A0" WHERE "A0"."id" = <1>
2018-09-24 00:15:17.736 SELECT "A0"."name","A0"."type","A0"."version" FROM "statements"."StatementSource" "A0" WHERE "A0"."id" = <2>
2018-09-24 00:15:17.736 SELECT "A0"."name","A0"."type","A0"."version" FROM "statements"."StatementSource" "A0" WHERE "A0"."id" = <2>
2018-09-24 00:15:17.738 SELECT "A0"."name","A0"."type","A0"."version" FROM "statements"."StatementSource" "A0" WHERE "A0"."id" = <3>
2018-09-24 00:15:17.739 SELECT "A0"."name","A0"."type","A0"."version" FROM "statements"."StatementSource" "A0" WHERE "A0"."id" = <3>
2018-09-24 00:15:17.741 SELECT "A0"."name","A0"."type","A0"."version" FROM "statements"."StatementSource" "A0" WHERE "A0"."id" = <4>
2018-09-24 00:15:17.742 SELECT "A0"."name","A0"."type","A0"."version" FROM "statements"."StatementSource" "A0" WHERE "A0"."id" = <4>
2018-09-24 00:15:17.743 SELECT "A0"."name","A0"."type","A0"."version" FROM "statements"."StatementSource" "A0" WHERE "A0"."id" = <5>
2018-09-24 00:15:17.744 SELECT "A0"."name","A0"."type","A0"."version" FROM "statements"."StatementSource" "A0" WHERE "A0"."id" = <5>
2018-09-24 00:15:22.097 SELECT 'domain.statements.dom.impl.txn.StatementSource' AS "DN_TYPE","A0"."name","A0"."type","A0"."id","A0"."version" FROM "statements"."StatementSource" "A0"
2018-09-24 00:15:22.184 SELECT "A0"."id","A0"."version","A0"."name","A0"."type" FROM "statements"."StatementSource" "A0" WHERE "A0"."id" = <0> OR "A0"."id" = <1> OR "A0"."id" = <2> OR "A0"."id" = <3> OR "A0"."id" = <4> OR "A0"."id" = <5>
2018-09-24 00:15:26.768 SELECT "A0"."name","A0"."type","A0"."version" FROM "statements"."StatementSource" "A0" WHERE "A0"."id" = <0>
2018-09-24 00:15:32.460 SELECT "A0"."name","A0"."type","A0"."version" FROM "statements"."StatementSource" "A0" WHERE "A0"."id" = <0>
2018-09-24 00:15:32.501 SELECT "A0"."name","A0"."type","A0"."version" FROM "statements"."StatementSource" "A0" WHERE "A0"."id" = <0>
2018-09-24 00:15:37.842 SELECT "A0"."name","A0"."type","A0"."version" FROM "statements"."StatementSource" "A0" WHERE "A0"."id" = <0>
2018-09-24 00:15:52.778 SELECT "A0"."name","A0"."type","A0"."version" FROM "statements"."StatementSource" "A0" WHERE "A0"."id" = <0>
2018-09-24 00:16:25.991 SELECT "A0"."name","A0"."type","A0"."version" FROM "statements"."StatementSource" "A0" WHERE "A0"."id" = <0>
2018-09-24 00:16:26.146 SELECT "A0"."name","A0"."type","A0"."version" FROM "statements"."StatementSource" "A0" WHERE "A0"."id" = <0>
2018-09-24 00:16:26.175 SELECT 'domain.statements.dom.impl.txn.StatementSource' AS "DN_TYPE","A0"."name","A0"."type","A0"."id","A0"."version" FROM "statements"."StatementSource" "A0" WHERE "A0"."type" = 2 AND (LOCATE('PNB_2286',"A0"."name") - 1) <> -1
2018-09-24 00:16:31.334 SELECT 'domain.statements.dom.impl.txn.StatementSource' AS "DN_TYPE","A0"."name","A0"."type","A0"."id","A0"."version" FROM "statements"."StatementSource" "A0"
2018-09-24 00:16:31.380 SELECT "A0"."id","A0"."version","A0"."name","A0"."type" FROM "statements"."StatementSource" "A0" WHERE "A0"."id" = <0> OR "A0"."id" = <1> OR "A0"."id" = <2> OR "A0"."id" = <3> OR "A0"."id" = <4> OR "A0"."id" = <5>
2018-09-24 00:16:40.659 SELECT 'domain.statements.dom.impl.txn.StatementSource' AS "DN_TYPE","A0"."name","A0"."type","A0"."id","A0"."version" FROM "statements"."StatementSource" "A0"
2018-09-24 00:16:40.699 SELECT "A0"."id","A0"."version","A0"."name","A0"."type" FROM "statements"."StatementSource" "A0" WHERE "A0"."id" = <0> OR "A0"."id" = <1> OR "A0"."id" = <2> OR "A0"."id" = <3> OR "A0"."id" = <4> OR "A0"."id" = <5>
2018-09-24 00:16:42.586 SELECT "A0"."name","A0"."type","A0"."version" FROM "statements"."StatementSource" "A0" WHERE "A0"."id" = <0>
2018-09-24 00:16:44.884 SELECT "A0"."name","A0"."type","A0"."version" FROM "statements"."StatementSource" "A0" WHERE "A0"."id" = <0>
2018-09-24 00:16:44.892 SELECT "A0"."name","A0"."type","A0"."version" FROM "statements"."StatementSource" "A0" WHERE "A0"."id" = <0>
2018-09-24 00:17:01.580 SELECT "A0"."name","A0"."type","A0"."version" FROM "statements"."StatementSource" "A0" WHERE "A0"."id" = <0>
2018-09-24 00:17:06.637 SELECT "A0"."name","A0"."type","A0"."version" FROM "statements"."StatementSource" "A0" WHERE "A0"."id" = <0>
2018-09-24 00:17:06.640 SELECT 'domain.statements.dom.impl.txn.StatementSource' AS "DN_TYPE","A0"."name","A0"."type","A0"."id","A0"."version" FROM "statements"."StatementSource" "A0" WHERE "A0"."type" = 0
2018-09-24 00:17:06.693 SELECT "A0"."id","A0"."version","A0"."name","A0"."type" FROM "statements"."StatementSource" "A0" WHERE "A0"."id" = <0> OR "A0"."id" = <1> OR "A0"."id" = <2>
2018-09-24 00:17:10.061 SELECT "A0"."name","A0"."type","A0"."version" FROM "statements"."StatementSource" "A0" WHERE "A0"."id" = <0>
2018-09-24 00:17:11.746 SELECT "A0"."name","A0"."type","A0"."version" FROM "statements"."StatementSource" "A0" WHERE "A0"."id" = <0>
2018-09-24 00:17:11.749 SELECT "A0"."name","A0"."type","A0"."version" FROM "statements"."StatementSource" "A0" WHERE "A0"."id" = <0>
2018-09-24 00:17:26.470 SELECT "A0"."name","A0"."type","A0"."version" FROM "statements"."StatementSource" "A0" WHERE "A0"."id" = <0>
2018-09-24 00:17:26.594 SELECT "A0"."name","A0"."type","A0"."version" FROM "statements"."StatementSource" "A0" WHERE "A0"."id" = <0>
2018-09-24 00:17:26.601 SELECT 'domain.statements.dom.impl.txn.StatementSource' AS "DN_TYPE","A0"."name","A0"."type","A0"."id","A0"."version" FROM "statements"."StatementSource" "A0" WHERE (LOCATE('HDFC',"A0"."name") - 1) <> -1
2018-09-24 00:17:26.668 SELECT "A0"."id","A0"."version","A0"."name","A0"."type" FROM "statements"."StatementSource" "A0" WHERE "A0"."id" = <0> OR "A0"."id" = <1> OR "A0"."id" = <2>
2018-09-24 00:17:29.774 SELECT "A0"."name","A0"."type","A0"."version" FROM "statements"."StatementSource" "A0" WHERE "A0"."id" = <0>
2018-09-24 00:17:31.955 SELECT "A0"."name","A0"."type","A0"."version" FROM "statements"."StatementSource" "A0" WHERE "A0"."id" = <0>
2018-09-24 00:17:31.960 SELECT "A0"."name","A0"."type","A0"."version" FROM "statements"."StatementSource" "A0" WHERE "A0"."id" = <0>
2018-09-24 00:17:35.861 SELECT "A0"."name","A0"."type","A0"."version" FROM "statements"."StatementSource" "A0" WHERE "A0"."id" = <0>
2018-09-24 00:17:35.984 SELECT "A0"."name","A0"."type","A0"."version" FROM "statements"."StatementSource" "A0" WHERE "A0"."id" = <0>
2018-09-24 00:17:35.987 SELECT 'domain.statements.dom.impl.txn.StatementSource' AS "DN_TYPE","A0"."name","A0"."type","A0"."id","A0"."version" FROM "statements"."StatementSource" "A0" WHERE (LOCATE('CARD',"A0"."name") - 1) <> -1
2018-09-24 00:17:38.978 SELECT 'domain.statements.dom.impl.txn.StatementSource' AS "DN_TYPE","A0"."name","A0"."type","A0"."id","A0"."version" FROM "statements"."StatementSource" "A0"
2018-09-24 00:17:39.020 SELECT "A0"."id","A0"."version","A0"."name","A0"."type" FROM "statements"."StatementSource" "A0" WHERE "A0"."id" = <0> OR "A0"."id" = <1> OR "A0"."id" = <2> OR "A0"."id" = <3> OR "A0"."id" = <4> OR "A0"."id" = <5>
2018-09-24 00:17:42.252 SELECT "A0"."name","A0"."type","A0"."version" FROM "statements"."StatementSource" "A0" WHERE "A0"."id" = <3>
2018-09-24 00:17:44.319 SELECT "A0"."name","A0"."type","A0"."version" FROM "statements"."StatementSource" "A0" WHERE "A0"."id" = <3>
2018-09-24 00:17:44.325 SELECT "A0"."name","A0"."type","A0"."version" FROM "statements"."StatementSource" "A0" WHERE "A0"."id" = <3>
2018-09-24 00:17:48.218 SELECT "A0"."name","A0"."type","A0"."version" FROM "statements"."StatementSource" "A0" WHERE "A0"."id" = <3>
2018-09-24 00:17:48.347 SELECT "A0"."name","A0"."type","A0"."version" FROM "statements"."StatementSource" "A0" WHERE "A0"."id" = <3>
2018-09-24 00:17:48.351 SELECT 'domain.statements.dom.impl.txn.StatementSource' AS "DN_TYPE","A0"."name","A0"."type","A0"."id","A0"."version" FROM "statements"."StatementSource" "A0" WHERE (LOCATE('Card',"A0"."name") - 1) <> -1
2018-09-24 00:17:48.400 SELECT "A0"."id","A0"."version","A0"."name","A0"."type" FROM "statements"."StatementSource" "A0" WHERE "A0"."id" = <3> OR "A0"."id" = <4> OR "A0"."id" = <5>
2018-09-24 00:17:53.858 SELECT "A0"."name","A0"."type","A0"."version" FROM "statements"."StatementSource" "A0" WHERE "A0"."id" = <3>
2018-09-24 00:17:55.600 SELECT "A0"."name","A0"."type","A0"."version" FROM "statements"."StatementSource" "A0" WHERE "A0"."id" = <3>
2018-09-24 00:17:55.603 SELECT "A0"."name","A0"."type","A0"."version" FROM "statements"."StatementSource" "A0" WHERE "A0"."id" = <3>
2018-09-24 00:17:58.994 SELECT "A0"."name","A0"."type","A0"."version" FROM "statements"."StatementSource" "A0" WHERE "A0"."id" = <3>
2018-09-24 00:17:59.138 SELECT "A0"."name","A0"."type","A0"."version" FROM "statements"."StatementSource" "A0" WHERE "A0"."id" = <3>
2018-09-24 00:17:59.141 SELECT 'domain.statements.dom.impl.txn.StatementSource' AS "DN_TYPE","A0"."name","A0"."type","A0"."id","A0"."version" FROM "statements"."StatementSource" "A0" WHERE (LOCATE('35',"A0"."name") - 1) <> -1
2018-09-24 00:17:59.193 SELECT "A0"."id","A0"."version","A0"."name","A0"."type" FROM "statements"."StatementSource" "A0" WHERE "A0"."id" = <4> OR "A0"."id" = <5>
2018-09-24 00:18:04.334 SELECT "A0"."name","A0"."type","A0"."version" FROM "statements"."StatementSource" "A0" WHERE "A0"."id" = <4>
2018-09-24 00:19:20.809 SELECT 'domain.statements.dom.impl.txn.Transaction' AS "DN_TYPE","A0"."amount","A0"."id","A0"."narration","A0"."reference","A0"."transactionDate","A0"."type","A0"."valueDate","A0"."version" FROM "statements"."Transaction" "A0"
2018-09-24 00:22:27.318 SELECT 'domain.statements.dom.impl.txn.Category' AS "DN_TYPE","A0"."name","A0"."notes","A0"."id","A0"."version" FROM "statements"."Category" "A0"
2018-09-24 00:22:27.359 SELECT "A0"."id","A0"."version","A0"."name","A0"."notes" FROM "statements"."Category" "A0" WHERE "A0"."id" = <0> OR "A0"."id" = <1> OR "A0"."id" = <2> OR "A0"."id" = <3> OR "A0"."id" = <4> OR "A0"."id" = <5> OR "A0"."id" = <6> OR "A0"."id" = <7> OR "A0"."id" = <8> OR "A0"."id" = <9> OR "A0"."id" = <10> OR "A0"."id" = <11> OR "A0"."id" = <12> OR "A0"."id" = <13> OR "A0"."id" = <14> OR "A0"."id" = <15> OR "A0"."id" = <16> OR "A0"."id" = <17> OR "A0"."id" = <18> OR "A0"."id" = <19> OR "A0"."id" = <20>
2018-09-24 00:22:30.971 SELECT "A0"."name","A0"."notes","A0"."version" FROM "statements"."Category" "A0" WHERE "A0"."id" = <0>
2018-09-24 00:23:21.970 SELECT 'domain.statements.dom.impl.txn.Category' AS "DN_TYPE","A0"."name","A0"."notes","A0"."id","A0"."version" FROM "statements"."Category" "A0"
2018-09-24 00:23:22.015 SELECT "A0"."id","A0"."version","A0"."name","A0"."notes" FROM "statements"."Category" "A0" WHERE "A0"."id" = <0> OR "A0"."id" = <1> OR "A0"."id" = <2> OR "A0"."id" = <3> OR "A0"."id" = <4> OR "A0"."id" = <5> OR "A0"."id" = <6> OR "A0"."id" = <7> OR "A0"."id" = <8> OR "A0"."id" = <9> OR "A0"."id" = <10> OR "A0"."id" = <11> OR "A0"."id" = <12> OR "A0"."id" = <13> OR "A0"."id" = <14> OR "A0"."id" = <15> OR "A0"."id" = <16> OR "A0"."id" = <17> OR "A0"."id" = <18> OR "A0"."id" = <19> OR "A0"."id" = <20>
2018-09-24 00:23:40.122 SELECT 'domain.statements.dom.impl.SimpleObject' AS "DN_TYPE","A0"."name","A0"."notes","A0"."id","A0"."version" FROM "simple"."SimpleObject" "A0"
2018-09-24 00:23:40.167 SELECT 'domain.statements.dom.impl.SimpleObject' AS "DN_TYPE","A0"."name","A0"."notes","A0"."id","A0"."version" FROM "simple"."SimpleObject" "A0"
2018-09-24 00:23:40.169 SELECT 'domain.statements.dom.impl.SimpleObject' AS "DN_TYPE","A0"."name","A0"."notes","A0"."id","A0"."version" FROM "simple"."SimpleObject" "A0"
