2018-09-24 00:14:43.261 Column ""DELETEME1537728283248"."UNUSED"" added to internal representation of table.
2018-09-24 00:14:43.267 CREATE TABLE "DELETEME1537728283248"
(
    "UNUSED" INTEGER NOT NULL
)
2018-09-24 00:14:43.268 SQL Execution Time = 1 ms
2018-09-24 00:14:43.280 DROP TABLE "DELETEME1537728283248"
2018-09-24 00:14:43.280 SQL Execution Time = 0 ms
2018-09-24 00:14:43.310 Column ""DELETEME1537728283310"."UNUSED"" added to internal representation of table.
2018-09-24 00:14:43.311 CREATE TABLE "DELETEME1537728283310"
(
    "UNUSED" INTEGER NOT NULL
)
2018-09-24 00:14:43.311 SQL Execution Time = 0 ms
2018-09-24 00:14:43.313 DROP TABLE "DELETEME1537728283310"
2018-09-24 00:14:43.314 SQL Execution Time = 1 ms
2018-09-24 00:14:43.444 Column ""simple"."SimpleObject"."id"" added to internal representation of table.
2018-09-24 00:14:43.444 Field [DATASTORE_ID] -> Column(s) ["simple"."SimpleObject"."id"] using mapping of type "org.datanucleus.store.rdbms.mapping.java.DatastoreIdMapping" (org.datanucleus.store.rdbms.mapping.datastore.BigIntRDBMSMapping)
2018-09-24 00:14:43.446 Column ""statements"."Category"."id"" added to internal representation of table.
2018-09-24 00:14:43.446 Field [DATASTORE_ID] -> Column(s) ["statements"."Category"."id"] using mapping of type "org.datanucleus.store.rdbms.mapping.java.DatastoreIdMapping" (org.datanucleus.store.rdbms.mapping.datastore.BigIntRDBMSMapping)
2018-09-24 00:14:43.446 Column ""statements"."StatementSource"."id"" added to internal representation of table.
2018-09-24 00:14:43.446 Field [DATASTORE_ID] -> Column(s) ["statements"."StatementSource"."id"] using mapping of type "org.datanucleus.store.rdbms.mapping.java.DatastoreIdMapping" (org.datanucleus.store.rdbms.mapping.datastore.BigIntRDBMSMapping)
2018-09-24 00:14:43.446 Column ""statements"."SubCategory"."id"" added to internal representation of table.
2018-09-24 00:14:43.446 Field [DATASTORE_ID] -> Column(s) ["statements"."SubCategory"."id"] using mapping of type "org.datanucleus.store.rdbms.mapping.java.DatastoreIdMapping" (org.datanucleus.store.rdbms.mapping.datastore.BigIntRDBMSMapping)
2018-09-24 00:14:43.447 Column ""statements"."Transaction"."id"" added to internal representation of table.
2018-09-24 00:14:43.447 Field [domain.statements.dom.impl.txn.Transaction.id] -> Column(s) ["statements"."Transaction"."id"] using mapping of type "org.datanucleus.store.rdbms.mapping.java.LongMapping" (org.datanucleus.store.rdbms.mapping.datastore.BigIntRDBMSMapping)
2018-09-24 00:14:43.449 Table "statements"."SubCategory" will manage the persistence of the fields for class domain.statements.dom.impl.txn.SubCategory (inheritance strategy="new-table") 
2018-09-24 00:14:43.449 Column ""statements"."SubCategory"."notes"" added to internal representation of table.
2018-09-24 00:14:43.451 Field [domain.statements.dom.impl.txn.SubCategory.notes] -> Column(s) ["statements"."SubCategory"."notes"] using mapping of type "org.datanucleus.store.rdbms.mapping.java.StringMapping" (org.datanucleus.store.rdbms.mapping.datastore.VarCharRDBMSMapping)
2018-09-24 00:14:43.451 Table "statements"."SubCategory" will manage the persistence of the fields for class domain.statements.dom.AbstractNamedEntity (inheritance strategy="subclass-table") 
2018-09-24 00:14:43.451 Column ""statements"."SubCategory"."name"" added to internal representation of table.
2018-09-24 00:14:43.452 Field [domain.statements.dom.AbstractNamedEntity.name] -> Column(s) ["statements"."SubCategory"."name"] using mapping of type "org.datanucleus.store.rdbms.mapping.java.StringMapping" (org.datanucleus.store.rdbms.mapping.datastore.VarCharRDBMSMapping)
2018-09-24 00:14:43.452 Column ""statements"."SubCategory"."version"" added to internal representation of table.
2018-09-24 00:14:43.452 Field [VERSION] -> Column(s) ["statements"."SubCategory"."version"] using mapping of type "org.datanucleus.store.rdbms.mapping.java.VersionMapping$VersionLongMapping" (org.datanucleus.store.rdbms.mapping.datastore.BigIntRDBMSMapping)
2018-09-24 00:14:43.452 Table/View "statements"."SubCategory" has been initialised
2018-09-24 00:14:43.452 Table "statements"."Transaction" will manage the persistence of the fields for class domain.statements.dom.impl.txn.Transaction (inheritance strategy="new-table") 
2018-09-24 00:14:43.453 Column ""statements"."Transaction"."amount"" added to internal representation of table.
2018-09-24 00:14:43.453 Field [domain.statements.dom.impl.txn.Transaction.amount] -> Column(s) ["statements"."Transaction"."amount"] using mapping of type "org.datanucleus.store.rdbms.mapping.java.BigDecimalMapping" (org.datanucleus.store.rdbms.mapping.datastore.DecimalRDBMSMapping)
2018-09-24 00:14:43.455 Column ""statements"."Transaction"."CATEGORY_ID"" added to internal representation of table.
2018-09-24 00:14:43.455 Field [domain.statements.dom.impl.txn.Transaction.category] -> Column(s) ["statements"."Transaction"."CATEGORY_ID"] using mapping of type "org.datanucleus.store.rdbms.mapping.java.PersistableMapping" (org.datanucleus.store.rdbms.mapping.datastore.BigIntRDBMSMapping)
2018-09-24 00:14:43.455 Column ""statements"."Transaction"."narration"" added to internal representation of table.
2018-09-24 00:14:43.455 Field [domain.statements.dom.impl.txn.Transaction.narration] -> Column(s) ["statements"."Transaction"."narration"] using mapping of type "org.datanucleus.store.rdbms.mapping.java.StringMapping" (org.datanucleus.store.rdbms.mapping.datastore.VarCharRDBMSMapping)
2018-09-24 00:14:43.455 Column ""statements"."Transaction"."reference"" added to internal representation of table.
2018-09-24 00:14:43.455 Field [domain.statements.dom.impl.txn.Transaction.reference] -> Column(s) ["statements"."Transaction"."reference"] using mapping of type "org.datanucleus.store.rdbms.mapping.java.StringMapping" (org.datanucleus.store.rdbms.mapping.datastore.VarCharRDBMSMapping)
2018-09-24 00:14:43.456 Column ""statements"."Transaction"."SOURCE_ID"" added to internal representation of table.
2018-09-24 00:14:43.456 Field [domain.statements.dom.impl.txn.Transaction.source] -> Column(s) ["statements"."Transaction"."SOURCE_ID"] using mapping of type "org.datanucleus.store.rdbms.mapping.java.PersistableMapping" (org.datanucleus.store.rdbms.mapping.datastore.BigIntRDBMSMapping)
2018-09-24 00:14:43.456 Column ""statements"."Transaction"."SUB_CATEGORY_ID"" added to internal representation of table.
2018-09-24 00:14:43.456 Field [domain.statements.dom.impl.txn.Transaction.subCategory] -> Column(s) ["statements"."Transaction"."SUB_CATEGORY_ID"] using mapping of type "org.datanucleus.store.rdbms.mapping.java.PersistableMapping" (org.datanucleus.store.rdbms.mapping.datastore.BigIntRDBMSMapping)
2018-09-24 00:14:43.457 Column ""statements"."Transaction"."transactionDate"" added to internal representation of table.
2018-09-24 00:14:43.457 Field [domain.statements.dom.impl.txn.Transaction.transactionDate] -> Column(s) ["statements"."Transaction"."transactionDate"] using mapping of type "org.datanucleus.store.rdbms.mapping.java.DateMapping" (org.datanucleus.store.rdbms.mapping.datastore.TimestampRDBMSMapping)
2018-09-24 00:14:43.460 Column ""statements"."Transaction"."type"" added to internal representation of table.
2018-09-24 00:14:43.460 Field [domain.statements.dom.impl.txn.Transaction.type] -> Column(s) ["statements"."Transaction"."type"] using mapping of type "org.datanucleus.store.rdbms.mapping.java.EnumMapping" (org.datanucleus.store.rdbms.mapping.datastore.IntegerRDBMSMapping)
2018-09-24 00:14:43.460 Column ""statements"."Transaction"."valueDate"" added to internal representation of table.
2018-09-24 00:14:43.460 Field [domain.statements.dom.impl.txn.Transaction.valueDate] -> Column(s) ["statements"."Transaction"."valueDate"] using mapping of type "org.datanucleus.store.rdbms.mapping.java.DateMapping" (org.datanucleus.store.rdbms.mapping.datastore.TimestampRDBMSMapping)
2018-09-24 00:14:43.460 Column ""statements"."Transaction"."version"" added to internal representation of table.
2018-09-24 00:14:43.460 Field [VERSION] -> Column(s) ["statements"."Transaction"."version"] using mapping of type "org.datanucleus.store.rdbms.mapping.java.VersionMapping$VersionLongMapping" (org.datanucleus.store.rdbms.mapping.datastore.BigIntRDBMSMapping)
2018-09-24 00:14:43.461 Table/View "statements"."Transaction" has been initialised
2018-09-24 00:14:43.461 Table "statements"."StatementSource" will manage the persistence of the fields for class domain.statements.dom.impl.txn.StatementSource (inheritance strategy="new-table") 
2018-09-24 00:14:43.461 Column ""statements"."StatementSource"."type"" added to internal representation of table.
2018-09-24 00:14:43.461 Field [domain.statements.dom.impl.txn.StatementSource.type] -> Column(s) ["statements"."StatementSource"."type"] using mapping of type "org.datanucleus.store.rdbms.mapping.java.EnumMapping" (org.datanucleus.store.rdbms.mapping.datastore.IntegerRDBMSMapping)
2018-09-24 00:14:43.462 Table "statements"."StatementSource" will manage the persistence of the fields for class domain.statements.dom.AbstractNamedEntity (inheritance strategy="subclass-table") 
2018-09-24 00:14:43.462 Column ""statements"."StatementSource"."name"" added to internal representation of table.
2018-09-24 00:14:43.462 Field [domain.statements.dom.AbstractNamedEntity.name] -> Column(s) ["statements"."StatementSource"."name"] using mapping of type "org.datanucleus.store.rdbms.mapping.java.StringMapping" (org.datanucleus.store.rdbms.mapping.datastore.VarCharRDBMSMapping)
2018-09-24 00:14:43.462 Column ""statements"."StatementSource"."version"" added to internal representation of table.
2018-09-24 00:14:43.462 Field [VERSION] -> Column(s) ["statements"."StatementSource"."version"] using mapping of type "org.datanucleus.store.rdbms.mapping.java.VersionMapping$VersionLongMapping" (org.datanucleus.store.rdbms.mapping.datastore.BigIntRDBMSMapping)
2018-09-24 00:14:43.462 Table/View "statements"."StatementSource" has been initialised
2018-09-24 00:14:43.462 Table "simple"."SimpleObject" will manage the persistence of the fields for class domain.statements.dom.impl.SimpleObject (inheritance strategy="new-table") 
2018-09-24 00:14:43.462 Column ""simple"."SimpleObject"."notes"" added to internal representation of table.
2018-09-24 00:14:43.462 Field [domain.statements.dom.impl.SimpleObject.notes] -> Column(s) ["simple"."SimpleObject"."notes"] using mapping of type "org.datanucleus.store.rdbms.mapping.java.StringMapping" (org.datanucleus.store.rdbms.mapping.datastore.VarCharRDBMSMapping)
2018-09-24 00:14:43.463 Table "simple"."SimpleObject" will manage the persistence of the fields for class domain.statements.dom.AbstractNamedEntity (inheritance strategy="subclass-table") 
2018-09-24 00:14:43.463 Column ""simple"."SimpleObject"."name"" added to internal representation of table.
2018-09-24 00:14:43.463 Field [domain.statements.dom.AbstractNamedEntity.name] -> Column(s) ["simple"."SimpleObject"."name"] using mapping of type "org.datanucleus.store.rdbms.mapping.java.StringMapping" (org.datanucleus.store.rdbms.mapping.datastore.VarCharRDBMSMapping)
2018-09-24 00:14:43.463 Column ""simple"."SimpleObject"."version"" added to internal representation of table.
2018-09-24 00:14:43.463 Field [VERSION] -> Column(s) ["simple"."SimpleObject"."version"] using mapping of type "org.datanucleus.store.rdbms.mapping.java.VersionMapping$VersionTimestampMapping" (org.datanucleus.store.rdbms.mapping.datastore.TimestampRDBMSMapping)
2018-09-24 00:14:43.463 Table/View "simple"."SimpleObject" has been initialised
2018-09-24 00:14:43.463 Table "statements"."Category" will manage the persistence of the fields for class domain.statements.dom.impl.txn.Category (inheritance strategy="new-table") 
2018-09-24 00:14:43.463 Column ""statements"."Category"."notes"" added to internal representation of table.
2018-09-24 00:14:43.464 Field [domain.statements.dom.impl.txn.Category.notes] -> Column(s) ["statements"."Category"."notes"] using mapping of type "org.datanucleus.store.rdbms.mapping.java.StringMapping" (org.datanucleus.store.rdbms.mapping.datastore.VarCharRDBMSMapping)
2018-09-24 00:14:43.464 Table "statements"."Category" will manage the persistence of the fields for class domain.statements.dom.AbstractNamedEntity (inheritance strategy="subclass-table") 
2018-09-24 00:14:43.464 Column ""statements"."Category"."name"" added to internal representation of table.
2018-09-24 00:14:43.464 Field [domain.statements.dom.AbstractNamedEntity.name] -> Column(s) ["statements"."Category"."name"] using mapping of type "org.datanucleus.store.rdbms.mapping.java.StringMapping" (org.datanucleus.store.rdbms.mapping.datastore.VarCharRDBMSMapping)
2018-09-24 00:14:43.464 Column ""statements"."Category"."version"" added to internal representation of table.
2018-09-24 00:14:43.464 Field [VERSION] -> Column(s) ["statements"."Category"."version"] using mapping of type "org.datanucleus.store.rdbms.mapping.java.VersionMapping$VersionLongMapping" (org.datanucleus.store.rdbms.mapping.datastore.BigIntRDBMSMapping)
2018-09-24 00:14:43.464 Table/View "statements"."Category" has been initialised
2018-09-24 00:14:43.465 Schema Transaction STARTED with connection "org.datanucleus.store.rdbms.datasource.dbcp2.PoolingDataSource$PoolGuardConnectionWrapper@561c031" with isolation "serializable"
2018-09-24 00:14:43.468 Check of existence of "statements"."SubCategory" returned no table
2018-09-24 00:14:43.469 CREATE TABLE "statements"."SubCategory"
(
    "id" BIGINT GENERATED BY DEFAULT AS IDENTITY,
    "notes" VARCHAR(4000) NULL,
    "name" VARCHAR(128) NOT NULL,
    "version" BIGINT NOT NULL,
    CONSTRAINT "SubCategory_PK" PRIMARY KEY ("id")
)
2018-09-24 00:14:43.470 SQL Execution Time = 1 ms
2018-09-24 00:14:43.474 Loading column info for table(s) "SubCategory" in Catalog "", Schema "statements"
2018-09-24 00:14:43.500 Column info loaded for Catalog "", Schema "statements", 1 tables, time = 26 ms
2018-09-24 00:14:43.500 Column info retrieved for table "SubCategory" : 4 columns found
2018-09-24 00:14:43.501 Check of existence of "statements"."Transaction" returned no table
2018-09-24 00:14:43.501 CREATE TABLE "statements"."Transaction"
(
    "id" BIGINT NOT NULL,
    "amount" DECIMAL(19) NOT NULL,
    "CATEGORY_ID" BIGINT NULL,
    "narration" VARCHAR(4000) NULL,
    "reference" VARCHAR(255) NULL,
    "SOURCE_ID" BIGINT NOT NULL,
    "SUB_CATEGORY_ID" BIGINT NULL,
    "transactionDate" TIMESTAMP NOT NULL,
    "type" INTEGER NOT NULL,
    "valueDate" TIMESTAMP NOT NULL,
    "version" BIGINT NOT NULL,
    CONSTRAINT "Transaction_PK" PRIMARY KEY ("id")
)
2018-09-24 00:14:43.504 SQL Execution Time = 3 ms
2018-09-24 00:14:43.506 Loading column info for table(s) "Transaction" in Catalog "", Schema "statements"
2018-09-24 00:14:43.524 Column info loaded for Catalog "", Schema "statements", 1 tables, time = 19 ms
2018-09-24 00:14:43.524 Column info retrieved for table "Transaction" : 11 columns found
2018-09-24 00:14:43.525 Check of existence of "statements"."StatementSource" returned no table
2018-09-24 00:14:43.525 CREATE TABLE "statements"."StatementSource"
(
    "id" BIGINT GENERATED BY DEFAULT AS IDENTITY,
    "type" INTEGER NOT NULL,
    "name" VARCHAR(128) NOT NULL,
    "version" BIGINT NOT NULL,
    CONSTRAINT "StatementSource_PK" PRIMARY KEY ("id")
)
2018-09-24 00:14:43.526 SQL Execution Time = 1 ms
2018-09-24 00:14:43.527 Loading column info for table(s) "StatementSource" in Catalog "", Schema "statements"
2018-09-24 00:14:43.547 Column info loaded for Catalog "", Schema "statements", 1 tables, time = 20 ms
2018-09-24 00:14:43.547 Column info retrieved for table "StatementSource" : 4 columns found
2018-09-24 00:14:43.548 Check of existence of "simple"."SimpleObject" returned no table
2018-09-24 00:14:43.548 CREATE TABLE "simple"."SimpleObject"
(
    "id" BIGINT GENERATED BY DEFAULT AS IDENTITY,
    "notes" VARCHAR(4000) NULL,
    "name" VARCHAR(128) NOT NULL,
    "version" TIMESTAMP NOT NULL,
    CONSTRAINT "SimpleObject_PK" PRIMARY KEY ("id")
)
2018-09-24 00:14:43.549 SQL Execution Time = 1 ms
2018-09-24 00:14:43.550 Loading column info for table(s) "SimpleObject" in Catalog "", Schema "simple"
2018-09-24 00:14:43.570 Column info loaded for Catalog "", Schema "simple", 1 tables, time = 20 ms
2018-09-24 00:14:43.571 Column info retrieved for table "SimpleObject" : 4 columns found
2018-09-24 00:14:43.572 Check of existence of "statements"."Category" returned no table
2018-09-24 00:14:43.572 CREATE TABLE "statements"."Category"
(
    "id" BIGINT GENERATED BY DEFAULT AS IDENTITY,
    "notes" VARCHAR(4000) NULL,
    "name" VARCHAR(128) NOT NULL,
    "version" BIGINT NOT NULL,
    CONSTRAINT "Category_PK" PRIMARY KEY ("id")
)
2018-09-24 00:14:43.573 SQL Execution Time = 1 ms
2018-09-24 00:14:43.575 Loading column info for table(s) "Category" in Catalog "", Schema "statements"
2018-09-24 00:14:43.595 Column info loaded for Catalog "", Schema "statements", 1 tables, time = 20 ms
2018-09-24 00:14:43.595 Column info retrieved for table "Category" : 4 columns found
2018-09-24 00:14:43.597 ALTER TABLE "statements"."SubCategory" ADD CONSTRAINT "SubCategory_name_UNQ" UNIQUE ("name")
2018-09-24 00:14:43.598 SQL Execution Time = 1 ms
2018-09-24 00:14:43.599 ALTER TABLE "statements"."Transaction" ADD CONSTRAINT "Transaction_hash_UNQ" UNIQUE ("type","transactionDate","narration","reference")
2018-09-24 00:14:43.600 SQL Execution Time = 1 ms
2018-09-24 00:14:43.602 ALTER TABLE "statements"."Transaction" ADD CONSTRAINT "Transaction_FK3" FOREIGN KEY ("SUB_CATEGORY_ID") REFERENCES "statements"."SubCategory" ("id") 
2018-09-24 00:14:43.604 SQL Execution Time = 2 ms
2018-09-24 00:14:43.604 ALTER TABLE "statements"."Transaction" ADD CONSTRAINT "Transaction_FK2" FOREIGN KEY ("SOURCE_ID") REFERENCES "statements"."StatementSource" ("id") 
2018-09-24 00:14:43.605 SQL Execution Time = 1 ms
2018-09-24 00:14:43.605 ALTER TABLE "statements"."Transaction" ADD CONSTRAINT "Transaction_FK1" FOREIGN KEY ("CATEGORY_ID") REFERENCES "statements"."Category" ("id") 
2018-09-24 00:14:43.608 SQL Execution Time = 1 ms
2018-09-24 00:14:43.611 CREATE INDEX "Transaction_N51" ON "statements"."Transaction" ("SOURCE_ID")
2018-09-24 00:14:43.611 SQL Execution Time = 0 ms
2018-09-24 00:14:43.611 CREATE INDEX "Transaction_N50" ON "statements"."Transaction" ("CATEGORY_ID")
2018-09-24 00:14:43.611 SQL Execution Time = 0 ms
2018-09-24 00:14:43.611 CREATE INDEX "Transaction_N49" ON "statements"."Transaction" ("SUB_CATEGORY_ID")
2018-09-24 00:14:43.612 SQL Execution Time = 0 ms
2018-09-24 00:14:43.612 ALTER TABLE "statements"."StatementSource" ADD CONSTRAINT "StatementSource_name_UNQ" UNIQUE ("name")
2018-09-24 00:14:43.613 SQL Execution Time = 1 ms
2018-09-24 00:14:43.613 ALTER TABLE "simple"."SimpleObject" ADD CONSTRAINT "SimpleObject_name_UNQ" UNIQUE ("name")
2018-09-24 00:14:43.614 SQL Execution Time = 0 ms
2018-09-24 00:14:43.614 ALTER TABLE "statements"."Category" ADD CONSTRAINT "Category_name_UNQ" UNIQUE ("name")
2018-09-24 00:14:43.615 SQL Execution Time = 0 ms
2018-09-24 00:14:43.615 Schema Transaction COMMITTING with connection "org.datanucleus.store.rdbms.datasource.dbcp2.PoolingDataSource$PoolGuardConnectionWrapper@561c031"
2018-09-24 00:14:43.615 Schema Transaction CLOSED with connection "org.datanucleus.store.rdbms.datasource.dbcp2.PoolingDataSource$PoolGuardConnectionWrapper@561c031"
